This is pdfTeX, Version 3.1415926-1.40.10 (TeX Live 2009/Debian) (format=latex 2011.6.10)  25 JUN 2011 11:51
entering extended mode
 %&-line parsing enabled.
**VisualComputer.tex
(./VisualComputer.tex
LaTeX2e <2009/09/24>
Babel <v3.8l> and hyphenation patterns for english, usenglishmax, dumylang, noh
yphenation, loaded.
(./svjour3.cls
Document Class: svjour3 2007/05/08 v3.2 
LaTeX document class for Springer journals
(/usr/share/texmf-texlive/tex/latex/base/fleqn.clo
File: fleqn.clo 1998/08/17 v1.1c Standard LaTeX option (flush left equations)
\mathindent=\dimen102
)
Class Springer-SVJour3 Info: extra/valid Springer sub-package (-> *.clo) 
(Springer-SVJour3)           not found in option list of \documentclass
(Springer-SVJour3)           - autoactivating "global" style.
 (./svglov3.clo
File: svglov3.clo 2006/02/03 v3.1 style option for standardised journals

SVJour Class option: svglov3.clo for standardised journals
)
LaTeX Font Info:    Redeclaring math symbol \Gamma on input line 147.
LaTeX Font Info:    Redeclaring math symbol \Delta on input line 148.
LaTeX Font Info:    Redeclaring math symbol \Theta on input line 149.
LaTeX Font Info:    Redeclaring math symbol \Lambda on input line 150.
LaTeX Font Info:    Redeclaring math symbol \Xi on input line 151.
LaTeX Font Info:    Redeclaring math symbol \Pi on input line 152.
LaTeX Font Info:    Redeclaring math symbol \Sigma on input line 153.
LaTeX Font Info:    Redeclaring math symbol \Upsilon on input line 154.
LaTeX Font Info:    Redeclaring math symbol \Phi on input line 155.
LaTeX Font Info:    Redeclaring math symbol \Psi on input line 156.
LaTeX Font Info:    Redeclaring math symbol \Omega on input line 157.
\logodepth=\dimen103
\headerboxheight=\dimen104
\betweenumberspace=\dimen105
\aftertext=\dimen106
\headlineindent=\dimen107
\c@inst=\count79
\c@auth=\count80
\instindent=\dimen108
\authrun=\box26
\authorrunning=\toks14
\titrun=\box27
\titlerunning=\toks15
\combirun=\box28
\c@lastpage=\count81
\rubricwidth=\dimen109
\c@section=\count82
\c@subsection=\count83
\c@subsubsection=\count84
\c@paragraph=\count85
\c@subparagraph=\count86
\spthmsep=\dimen110
\c@theorem=\count87
\c@case=\count88
\c@conjecture=\count89
\c@corollary=\count90
\c@definition=\count91
\c@example=\count92
\c@exercise=\count93
\c@lemma=\count94
\c@note=\count95
\c@problem=\count96
\c@property=\count97
\c@proposition=\count98
\c@question=\count99
\c@solution=\count100
\c@remark=\count101
\c@figure=\count102
\c@table=\count103
\abovecaptionskip=\skip41
\belowcaptionskip=\skip42
\figcapgap=\dimen111
\tabcapgap=\dimen112
\figgap=\dimen113
\bibindent=\dimen114
\@tempcntc=\count104
) (/usr/share/texmf-texlive/tex/latex/graphics/graphicx.sty
Package: graphicx 1999/02/16 v1.0f Enhanced LaTeX Graphics (DPC,SPQR)

(/usr/share/texmf-texlive/tex/latex/graphics/keyval.sty
Package: keyval 1999/03/16 v1.13 key=value parser (DPC)
\KV@toks@=\toks16
)
(/usr/share/texmf-texlive/tex/latex/graphics/graphics.sty
Package: graphics 2009/02/05 v1.0o Standard LaTeX Graphics (DPC,SPQR)

(/usr/share/texmf-texlive/tex/latex/graphics/trig.sty
Package: trig 1999/03/16 v1.09 sin cos tan (DPC)
)
(/etc/texmf/tex/latex/config/graphics.cfg
File: graphics.cfg 2009/08/28 v1.8 graphics configuration of TeX Live
)
Package graphics Info: Driver file: dvips.def on input line 91.

(/usr/share/texmf-texlive/tex/latex/graphics/dvips.def
File: dvips.def 1999/02/16 v3.0i Driver-dependant file (DPC,SPQR)
))
\Gin@req@height=\dimen115
\Gin@req@width=\dimen116
)
(/usr/share/texmf-texlive/tex/latex/amsmath/amsmath.sty
Package: amsmath 2000/07/18 v2.13 AMS math features
\@mathmargin=\skip43

For additional information on amsmath, use the `?' option.
(/usr/share/texmf-texlive/tex/latex/amsmath/amstext.sty
Package: amstext 2000/06/29 v2.01

(/usr/share/texmf-texlive/tex/latex/amsmath/amsgen.sty
File: amsgen.sty 1999/11/30 v2.0
\@emptytoks=\toks17
\ex@=\dimen117
))
(/usr/share/texmf-texlive/tex/latex/amsmath/amsbsy.sty
Package: amsbsy 1999/11/29 v1.2d
\pmbraise@=\dimen118
)
(/usr/share/texmf-texlive/tex/latex/amsmath/amsopn.sty
Package: amsopn 1999/12/14 v2.01 operator names
)
\inf@bad=\count105
LaTeX Info: Redefining \frac on input line 211.
\uproot@=\count106
\leftroot@=\count107
LaTeX Info: Redefining \overline on input line 307.
\classnum@=\count108
\DOTSCASE@=\count109
LaTeX Info: Redefining \ldots on input line 379.
LaTeX Info: Redefining \dots on input line 382.
LaTeX Info: Redefining \cdots on input line 467.
\Mathstrutbox@=\box29
\strutbox@=\box30
\big@size=\dimen119
LaTeX Font Info:    Redeclaring font encoding OML on input line 567.
LaTeX Font Info:    Redeclaring font encoding OMS on input line 568.


Package amsmath Warning: Unable to redefine math accent \vec.

\macc@depth=\count110
\c@MaxMatrixCols=\count111
\dotsspace@=\muskip10
\c@parentequation=\count112
\dspbrk@lvl=\count113
\tag@help=\toks18
\row@=\count114
\column@=\count115
\maxfields@=\count116
\andhelp@=\toks19
\eqnshift@=\dimen120
\alignsep@=\dimen121
\tagshift@=\dimen122
\tagwidth@=\dimen123
\totwidth@=\dimen124
\lineht@=\dimen125
\@envbody=\toks20
\multlinegap=\skip44
\multlinetaggap=\skip45
\mathdisplay@stack=\toks21
LaTeX Info: Redefining \[ on input line 2666.
LaTeX Info: Redefining \] on input line 2667.
) (/usr/share/texmf-texlive/tex/latex/amsfonts/amssymb.sty
Package: amssymb 2009/06/22 v3.00

(/usr/share/texmf-texlive/tex/latex/amsfonts/amsfonts.sty
Package: amsfonts 2009/06/22 v3.00 Basic AMSFonts support
\symAMSa=\mathgroup4
\symAMSb=\mathgroup5
LaTeX Font Info:    Overwriting math alphabet `\mathfrak' in version `bold'
(Font)                  U/euf/m/n --> U/euf/b/n on input line 96.
))
(/usr/share/texmf-texlive/tex/latex/base/textcomp.sty
Package: textcomp 2005/09/27 v1.99g Standard LaTeX package
Package textcomp Info: Sub-encoding information:
(textcomp)               5 = only ISO-Adobe without \textcurrency
(textcomp)               4 = 5 + \texteuro
(textcomp)               3 = 4 + \textohm
(textcomp)               2 = 3 + \textestimated + \textcurrency
(textcomp)               1 = TS1 - \textcircled - \t
(textcomp)               0 = TS1 (full)
(textcomp)             Font families with sub-encoding setting implement
(textcomp)             only a restricted character set as indicated.
(textcomp)             Family '?' is the default used for unknown fonts.
(textcomp)             See the documentation for details.
Package textcomp Info: Setting ? sub-encoding to TS1/1 on input line 71.

(/usr/share/texmf-texlive/tex/latex/base/ts1enc.def
File: ts1enc.def 2001/06/05 v3.0e (jk/car/fm) Standard LaTeX file
)
LaTeX Info: Redefining \oldstylenums on input line 266.
Package textcomp Info: Setting cmr sub-encoding to TS1/0 on input line 281.
Package textcomp Info: Setting cmss sub-encoding to TS1/0 on input line 282.
Package textcomp Info: Setting cmtt sub-encoding to TS1/0 on input line 283.
Package textcomp Info: Setting cmvtt sub-encoding to TS1/0 on input line 284.
Package textcomp Info: Setting cmbr sub-encoding to TS1/0 on input line 285.
Package textcomp Info: Setting cmtl sub-encoding to TS1/0 on input line 286.
Package textcomp Info: Setting ccr sub-encoding to TS1/0 on input line 287.
Package textcomp Info: Setting ptm sub-encoding to TS1/4 on input line 288.
Package textcomp Info: Setting pcr sub-encoding to TS1/4 on input line 289.
Package textcomp Info: Setting phv sub-encoding to TS1/4 on input line 290.
Package textcomp Info: Setting ppl sub-encoding to TS1/3 on input line 291.
Package textcomp Info: Setting pag sub-encoding to TS1/4 on input line 292.
Package textcomp Info: Setting pbk sub-encoding to TS1/4 on input line 293.
Package textcomp Info: Setting pnc sub-encoding to TS1/4 on input line 294.
Package textcomp Info: Setting pzc sub-encoding to TS1/4 on input line 295.
Package textcomp Info: Setting bch sub-encoding to TS1/4 on input line 296.
Package textcomp Info: Setting put sub-encoding to TS1/5 on input line 297.
Package textcomp Info: Setting uag sub-encoding to TS1/5 on input line 298.
Package textcomp Info: Setting ugq sub-encoding to TS1/5 on input line 299.
Package textcomp Info: Setting ul8 sub-encoding to TS1/4 on input line 300.
Package textcomp Info: Setting ul9 sub-encoding to TS1/4 on input line 301.
Package textcomp Info: Setting augie sub-encoding to TS1/5 on input line 302.
Package textcomp Info: Setting dayrom sub-encoding to TS1/3 on input line 303.
Package textcomp Info: Setting dayroms sub-encoding to TS1/3 on input line 304.

Package textcomp Info: Setting pxr sub-encoding to TS1/0 on input line 305.
Package textcomp Info: Setting pxss sub-encoding to TS1/0 on input line 306.
Package textcomp Info: Setting pxtt sub-encoding to TS1/0 on input line 307.
Package textcomp Info: Setting txr sub-encoding to TS1/0 on input line 308.
Package textcomp Info: Setting txss sub-encoding to TS1/0 on input line 309.
Package textcomp Info: Setting txtt sub-encoding to TS1/0 on input line 310.
Package textcomp Info: Setting futs sub-encoding to TS1/4 on input line 311.
Package textcomp Info: Setting futx sub-encoding to TS1/4 on input line 312.
Package textcomp Info: Setting futj sub-encoding to TS1/4 on input line 313.
Package textcomp Info: Setting hlh sub-encoding to TS1/3 on input line 314.
Package textcomp Info: Setting hls sub-encoding to TS1/3 on input line 315.
Package textcomp Info: Setting hlst sub-encoding to TS1/3 on input line 316.
Package textcomp Info: Setting hlct sub-encoding to TS1/5 on input line 317.
Package textcomp Info: Setting hlx sub-encoding to TS1/5 on input line 318.
Package textcomp Info: Setting hlce sub-encoding to TS1/5 on input line 319.
Package textcomp Info: Setting hlcn sub-encoding to TS1/5 on input line 320.
Package textcomp Info: Setting hlcw sub-encoding to TS1/5 on input line 321.
Package textcomp Info: Setting hlcf sub-encoding to TS1/5 on input line 322.
Package textcomp Info: Setting pplx sub-encoding to TS1/3 on input line 323.
Package textcomp Info: Setting pplj sub-encoding to TS1/3 on input line 324.
Package textcomp Info: Setting ptmx sub-encoding to TS1/4 on input line 325.
Package textcomp Info: Setting ptmj sub-encoding to TS1/4 on input line 326.
)
(/usr/share/texmf-texlive/tex/latex/base/inputenc.sty
Package: inputenc 2008/03/30 v1.1d Input encoding file
\inpenc@prehook=\toks22
\inpenc@posthook=\toks23

(/usr/share/texmf-texlive/tex/latex/base/utf8.def
File: utf8.def 2008/04/05 v1.1m UTF-8 support for inputenc
Now handling font encoding OML ...
... no UTF-8 mapping file for font encoding OML
Now handling font encoding T1 ...
... processing UTF-8 mapping file for font encoding T1

(/usr/share/texmf-texlive/tex/latex/base/t1enc.dfu
File: t1enc.dfu 2008/04/05 v1.1m UTF-8 support for inputenc
   defining Unicode char U+00A1 (decimal 161)
   defining Unicode char U+00A3 (decimal 163)
   defining Unicode char U+00AB (decimal 171)
   defining Unicode char U+00BB (decimal 187)
   defining Unicode char U+00BF (decimal 191)
   defining Unicode char U+00C0 (decimal 192)
   defining Unicode char U+00C1 (decimal 193)
   defining Unicode char U+00C2 (decimal 194)
   defining Unicode char U+00C3 (decimal 195)
   defining Unicode char U+00C4 (decimal 196)
   defining Unicode char U+00C5 (decimal 197)
   defining Unicode char U+00C6 (decimal 198)
   defining Unicode char U+00C7 (decimal 199)
   defining Unicode char U+00C8 (decimal 200)
   defining Unicode char U+00C9 (decimal 201)
   defining Unicode char U+00CA (decimal 202)
   defining Unicode char U+00CB (decimal 203)
   defining Unicode char U+00CC (decimal 204)
   defining Unicode char U+00CD (decimal 205)
   defining Unicode char U+00CE (decimal 206)
   defining Unicode char U+00CF (decimal 207)
   defining Unicode char U+00D0 (decimal 208)
   defining Unicode char U+00D1 (decimal 209)
   defining Unicode char U+00D2 (decimal 210)
   defining Unicode char U+00D3 (decimal 211)
   defining Unicode char U+00D4 (decimal 212)
   defining Unicode char U+00D5 (decimal 213)
   defining Unicode char U+00D6 (decimal 214)
   defining Unicode char U+00D8 (decimal 216)
   defining Unicode char U+00D9 (decimal 217)
   defining Unicode char U+00DA (decimal 218)
   defining Unicode char U+00DB (decimal 219)
   defining Unicode char U+00DC (decimal 220)
   defining Unicode char U+00DD (decimal 221)
   defining Unicode char U+00DE (decimal 222)
   defining Unicode char U+00DF (decimal 223)
   defining Unicode char U+00E0 (decimal 224)
   defining Unicode char U+00E1 (decimal 225)
   defining Unicode char U+00E2 (decimal 226)
   defining Unicode char U+00E3 (decimal 227)
   defining Unicode char U+00E4 (decimal 228)
   defining Unicode char U+00E5 (decimal 229)
   defining Unicode char U+00E6 (decimal 230)
   defining Unicode char U+00E7 (decimal 231)
   defining Unicode char U+00E8 (decimal 232)
   defining Unicode char U+00E9 (decimal 233)
   defining Unicode char U+00EA (decimal 234)
   defining Unicode char U+00EB (decimal 235)
   defining Unicode char U+00EC (decimal 236)
   defining Unicode char U+00ED (decimal 237)
   defining Unicode char U+00EE (decimal 238)
   defining Unicode char U+00EF (decimal 239)
   defining Unicode char U+00F0 (decimal 240)
   defining Unicode char U+00F1 (decimal 241)
   defining Unicode char U+00F2 (decimal 242)
   defining Unicode char U+00F3 (decimal 243)
   defining Unicode char U+00F4 (decimal 244)
   defining Unicode char U+00F5 (decimal 245)
   defining Unicode char U+00F6 (decimal 246)
   defining Unicode char U+00F8 (decimal 248)
   defining Unicode char U+00F9 (decimal 249)
   defining Unicode char U+00FA (decimal 250)
   defining Unicode char U+00FB (decimal 251)
   defining Unicode char U+00FC (decimal 252)
   defining Unicode char U+00FD (decimal 253)
   defining Unicode char U+00FE (decimal 254)
   defining Unicode char U+00FF (decimal 255)
   defining Unicode char U+0102 (decimal 258)
   defining Unicode char U+0103 (decimal 259)
   defining Unicode char U+0104 (decimal 260)
   defining Unicode char U+0105 (decimal 261)
   defining Unicode char U+0106 (decimal 262)
   defining Unicode char U+0107 (decimal 263)
   defining Unicode char U+010C (decimal 268)
   defining Unicode char U+010D (decimal 269)
   defining Unicode char U+010E (decimal 270)
   defining Unicode char U+010F (decimal 271)
   defining Unicode char U+0110 (decimal 272)
   defining Unicode char U+0111 (decimal 273)
   defining Unicode char U+0118 (decimal 280)
   defining Unicode char U+0119 (decimal 281)
   defining Unicode char U+011A (decimal 282)
   defining Unicode char U+011B (decimal 283)
   defining Unicode char U+011E (decimal 286)
   defining Unicode char U+011F (decimal 287)
   defining Unicode char U+0130 (decimal 304)
   defining Unicode char U+0131 (decimal 305)
   defining Unicode char U+0132 (decimal 306)
   defining Unicode char U+0133 (decimal 307)
   defining Unicode char U+0139 (decimal 313)
   defining Unicode char U+013A (decimal 314)
   defining Unicode char U+013D (decimal 317)
   defining Unicode char U+013E (decimal 318)
   defining Unicode char U+0141 (decimal 321)
   defining Unicode char U+0142 (decimal 322)
   defining Unicode char U+0143 (decimal 323)
   defining Unicode char U+0144 (decimal 324)
   defining Unicode char U+0147 (decimal 327)
   defining Unicode char U+0148 (decimal 328)
   defining Unicode char U+014A (decimal 330)
   defining Unicode char U+014B (decimal 331)
   defining Unicode char U+0150 (decimal 336)
   defining Unicode char U+0151 (decimal 337)
   defining Unicode char U+0152 (decimal 338)
   defining Unicode char U+0153 (decimal 339)
   defining Unicode char U+0154 (decimal 340)
   defining Unicode char U+0155 (decimal 341)
   defining Unicode char U+0158 (decimal 344)
   defining Unicode char U+0159 (decimal 345)
   defining Unicode char U+015A (decimal 346)
   defining Unicode char U+015B (decimal 347)
   defining Unicode char U+015E (decimal 350)
   defining Unicode char U+015F (decimal 351)
   defining Unicode char U+0160 (decimal 352)
   defining Unicode char U+0161 (decimal 353)
   defining Unicode char U+0162 (decimal 354)
   defining Unicode char U+0163 (decimal 355)
   defining Unicode char U+0164 (decimal 356)
   defining Unicode char U+0165 (decimal 357)
   defining Unicode char U+016E (decimal 366)
   defining Unicode char U+016F (decimal 367)
   defining Unicode char U+0170 (decimal 368)
   defining Unicode char U+0171 (decimal 369)
   defining Unicode char U+0178 (decimal 376)
   defining Unicode char U+0179 (decimal 377)
   defining Unicode char U+017A (decimal 378)
   defining Unicode char U+017B (decimal 379)
   defining Unicode char U+017C (decimal 380)
   defining Unicode char U+017D (decimal 381)
   defining Unicode char U+017E (decimal 382)
   defining Unicode char U+200C (decimal 8204)
   defining Unicode char U+2013 (decimal 8211)
   defining Unicode char U+2014 (decimal 8212)
   defining Unicode char U+2018 (decimal 8216)
   defining Unicode char U+2019 (decimal 8217)
   defining Unicode char U+201A (decimal 8218)
   defining Unicode char U+201C (decimal 8220)
   defining Unicode char U+201D (decimal 8221)
   defining Unicode char U+201E (decimal 8222)
   defining Unicode char U+2030 (decimal 8240)
   defining Unicode char U+2031 (decimal 8241)
   defining Unicode char U+2039 (decimal 8249)
   defining Unicode char U+203A (decimal 8250)
   defining Unicode char U+2423 (decimal 9251)
)
Now handling font encoding OT1 ...
... processing UTF-8 mapping file for font encoding OT1

(/usr/share/texmf-texlive/tex/latex/base/ot1enc.dfu
File: ot1enc.dfu 2008/04/05 v1.1m UTF-8 support for inputenc
   defining Unicode char U+00A1 (decimal 161)
   defining Unicode char U+00A3 (decimal 163)
   defining Unicode char U+00B8 (decimal 184)
   defining Unicode char U+00BF (decimal 191)
   defining Unicode char U+00C5 (decimal 197)
   defining Unicode char U+00C6 (decimal 198)
   defining Unicode char U+00D8 (decimal 216)
   defining Unicode char U+00DF (decimal 223)
   defining Unicode char U+00E6 (decimal 230)
   defining Unicode char U+00EC (decimal 236)
   defining Unicode char U+00ED (decimal 237)
   defining Unicode char U+00EE (decimal 238)
   defining Unicode char U+00EF (decimal 239)
   defining Unicode char U+00F8 (decimal 248)
   defining Unicode char U+0131 (decimal 305)
   defining Unicode char U+0141 (decimal 321)
   defining Unicode char U+0142 (decimal 322)
   defining Unicode char U+0152 (decimal 338)
   defining Unicode char U+0153 (decimal 339)
   defining Unicode char U+2013 (decimal 8211)
   defining Unicode char U+2014 (decimal 8212)
   defining Unicode char U+2018 (decimal 8216)
   defining Unicode char U+2019 (decimal 8217)
   defining Unicode char U+201C (decimal 8220)
   defining Unicode char U+201D (decimal 8221)
)
Now handling font encoding OMS ...
... processing UTF-8 mapping file for font encoding OMS

(/usr/share/texmf-texlive/tex/latex/base/omsenc.dfu
File: omsenc.dfu 2008/04/05 v1.1m UTF-8 support for inputenc
   defining Unicode char U+00A7 (decimal 167)
   defining Unicode char U+00B6 (decimal 182)
   defining Unicode char U+00B7 (decimal 183)
   defining Unicode char U+2020 (decimal 8224)
   defining Unicode char U+2021 (decimal 8225)
   defining Unicode char U+2022 (decimal 8226)
)
Now handling font encoding OMX ...
... no UTF-8 mapping file for font encoding OMX
Now handling font encoding U ...
... no UTF-8 mapping file for font encoding U
Now handling font encoding TS1 ...
... processing UTF-8 mapping file for font encoding TS1

(/usr/share/texmf-texlive/tex/latex/base/ts1enc.dfu
File: ts1enc.dfu 2008/04/05 v1.1m UTF-8 support for inputenc
   defining Unicode char U+00A2 (decimal 162)
   defining Unicode char U+00A3 (decimal 163)
   defining Unicode char U+00A4 (decimal 164)
   defining Unicode char U+00A5 (decimal 165)
   defining Unicode char U+00A6 (decimal 166)
   defining Unicode char U+00A7 (decimal 167)
   defining Unicode char U+00A8 (decimal 168)
   defining Unicode char U+00A9 (decimal 169)
   defining Unicode char U+00AA (decimal 170)
   defining Unicode char U+00AC (decimal 172)
   defining Unicode char U+00AE (decimal 174)
   defining Unicode char U+00AF (decimal 175)
   defining Unicode char U+00B0 (decimal 176)
   defining Unicode char U+00B1 (decimal 177)
   defining Unicode char U+00B2 (decimal 178)
   defining Unicode char U+00B3 (decimal 179)
   defining Unicode char U+00B4 (decimal 180)
   defining Unicode char U+00B5 (decimal 181)
   defining Unicode char U+00B6 (decimal 182)
   defining Unicode char U+00B7 (decimal 183)
   defining Unicode char U+00B9 (decimal 185)
   defining Unicode char U+00BA (decimal 186)
   defining Unicode char U+00BC (decimal 188)
   defining Unicode char U+00BD (decimal 189)
   defining Unicode char U+00BE (decimal 190)
   defining Unicode char U+00D7 (decimal 215)
   defining Unicode char U+00F7 (decimal 247)
   defining Unicode char U+0192 (decimal 402)
   defining Unicode char U+02C7 (decimal 711)
   defining Unicode char U+02D8 (decimal 728)
   defining Unicode char U+02DD (decimal 733)
   defining Unicode char U+0E3F (decimal 3647)
   defining Unicode char U+2016 (decimal 8214)
   defining Unicode char U+2020 (decimal 8224)
   defining Unicode char U+2021 (decimal 8225)
   defining Unicode char U+2022 (decimal 8226)
   defining Unicode char U+2030 (decimal 8240)
   defining Unicode char U+2031 (decimal 8241)
   defining Unicode char U+203B (decimal 8251)
   defining Unicode char U+203D (decimal 8253)
   defining Unicode char U+2044 (decimal 8260)
   defining Unicode char U+204E (decimal 8270)
   defining Unicode char U+2052 (decimal 8274)
   defining Unicode char U+20A1 (decimal 8353)
   defining Unicode char U+20A4 (decimal 8356)
   defining Unicode char U+20A6 (decimal 8358)
   defining Unicode char U+20A9 (decimal 8361)
   defining Unicode char U+20AB (decimal 8363)
   defining Unicode char U+20AC (decimal 8364)
   defining Unicode char U+20B1 (decimal 8369)
   defining Unicode char U+2103 (decimal 8451)
   defining Unicode char U+2116 (decimal 8470)
   defining Unicode char U+2117 (decimal 8471)
   defining Unicode char U+211E (decimal 8478)
   defining Unicode char U+2120 (decimal 8480)
   defining Unicode char U+2122 (decimal 8482)
   defining Unicode char U+2126 (decimal 8486)
   defining Unicode char U+2127 (decimal 8487)
   defining Unicode char U+212E (decimal 8494)
   defining Unicode char U+2190 (decimal 8592)
   defining Unicode char U+2191 (decimal 8593)
   defining Unicode char U+2192 (decimal 8594)
   defining Unicode char U+2193 (decimal 8595)
   defining Unicode char U+2329 (decimal 9001)
   defining Unicode char U+232A (decimal 9002)
   defining Unicode char U+2422 (decimal 9250)
   defining Unicode char U+25E6 (decimal 9702)
   defining Unicode char U+25EF (decimal 9711)
   defining Unicode char U+266A (decimal 9834)
)
   defining Unicode char U+00A9 (decimal 169)
   defining Unicode char U+00AA (decimal 170)
   defining Unicode char U+00AE (decimal 174)
   defining Unicode char U+00BA (decimal 186)
   defining Unicode char U+02C6 (decimal 710)
   defining Unicode char U+02DC (decimal 732)
   defining Unicode char U+200C (decimal 8204)
   defining Unicode char U+2026 (decimal 8230)
   defining Unicode char U+2122 (decimal 8482)
   defining Unicode char U+2423 (decimal 9251)
)) (./VisualComputer.aux)
\openout1 = `VisualComputer.aux'.

LaTeX Font Info:    Checking defaults for OML/cmm/m/it on input line 21.
LaTeX Font Info:    ... okay on input line 21.
LaTeX Font Info:    Checking defaults for T1/cmr/m/n on input line 21.
LaTeX Font Info:    ... okay on input line 21.
LaTeX Font Info:    Checking defaults for OT1/cmr/m/n on input line 21.
LaTeX Font Info:    ... okay on input line 21.
LaTeX Font Info:    Checking defaults for OMS/cmsy/m/n on input line 21.
LaTeX Font Info:    ... okay on input line 21.
LaTeX Font Info:    Checking defaults for OMX/cmex/m/n on input line 21.
LaTeX Font Info:    ... okay on input line 21.
LaTeX Font Info:    Checking defaults for U/cmr/m/n on input line 21.
LaTeX Font Info:    ... okay on input line 21.
LaTeX Font Info:    Checking defaults for TS1/cmr/m/n on input line 21.
LaTeX Font Info:    Try loading font information for TS1+cmr on input line 21.

(/usr/share/texmf-texlive/tex/latex/base/ts1cmr.fd
File: ts1cmr.fd 1999/05/25 v2.5h Standard LaTeX font definitions
)
LaTeX Font Info:    ... okay on input line 21.

SVJour3 warning: Missing \date

LaTeX Font Warning: Font shape `OT1/cmr/m/n' in size <8.5> not available
(Font)              size <8> substituted on input line 39.


LaTeX Font Warning: Font shape `OT1/cmr/m/n' in size <16> not available
(Font)              size <17.28> substituted on input line 39.


LaTeX Font Warning: Font shape `OT1/cmr/bx/n' in size <16> not available
(Font)              size <17.28> substituted on input line 39.

LaTeX Font Info:    Try loading font information for U+msa on input line 39.
(/usr/share/texmf-texlive/tex/latex/amsfonts/umsa.fd
File: umsa.fd 2009/06/22 v3.00 AMS symbols A
)
LaTeX Font Info:    Try loading font information for U+msb on input line 39.

(/usr/share/texmf-texlive/tex/latex/amsfonts/umsb.fd
File: umsb.fd 2009/06/22 v3.00 AMS symbols B
)
LaTeX Font Info:    Calculating math sizes for size <8.5> on input line 39.


LaTeX Font Warning: Font shape `OT1/cmr/m/n' in size <4.25> not available
(Font)              size <5> substituted on input line 39.


LaTeX Font Warning: Font shape `OML/cmm/m/it' in size <8.5> not available
(Font)              size <8> substituted on input line 39.


LaTeX Font Warning: Font shape `OML/cmm/m/it' in size <4.25> not available
(Font)              size <5> substituted on input line 39.


LaTeX Font Warning: Font shape `OMS/cmsy/m/n' in size <8.5> not available
(Font)              size <8> substituted on input line 39.


LaTeX Font Warning: Font shape `OMS/cmsy/m/n' in size <4.25> not available
(Font)              size <5> substituted on input line 39.

LaTeX Font Info:    Try loading font information for OMS+cmr on input line 39.
(/usr/share/texmf-texlive/tex/latex/base/omscmr.fd
File: omscmr.fd 1999/05/25 v2.5h Standard LaTeX font definitions
)
LaTeX Font Info:    Font shape `OMS/cmr/m/n' in size <8.5> not available
(Font)              Font shape `OMS/cmsy/m/n' tried instead on input line 39.


LaTeX Font Warning: Font shape `OMS/cmsy/m/n' in size <8.5> not available
(Font)              size <8> substituted on input line 39.


Underfull \hbox (badness 4647) in paragraph at lines 46--47
[]\OT1/cmr/m/n/10 The proposed model, based on a grammar,
 []


Underfull \hbox (badness 1248) in paragraph at lines 46--47
\OT1/cmr/m/n/10 actors, in a broad sense. Primitives are not just
 []


Underfull \hbox (badness 1052) in paragraph at lines 48--49
\OT1/cmr/m/n/10 system from the devices that originate it. It has
 []


Underfull \vbox (badness 1521) has occurred while \output is active []


Underfull \vbox (badness 7030) has occurred while \output is active []

 [1


]
Underfull \hbox (badness 1072) in paragraph at lines 100--104
\OT1/cmr/m/n/10 modules (Graphics, Physics and AI engines). The
 []


Underfull \hbox (badness 1158) in paragraph at lines 130--138
\OT1/cmr/m/n/10 physics engines [40], such as Working Model [51]
 []


Underfull \hbox (badness 1365) in paragraph at lines 146--151
[]\OT1/cmr/m/n/10 There are some tools which facilitate the use
 []


Underfull \hbox (badness 1337) in paragraph at lines 146--151
\OT1/cmr/m/n/10 of evolutive algorithms, such as EO Evolutionary
 []


Underfull \hbox (badness 10000) has occurred while \output is active
[][]
 []

[2]
Underfull \hbox (badness 1596) in paragraph at lines 184--197
\OT1/cmr/m/n/10 of models (especially L-systems) are employed in
 []


Underfull \hbox (badness 1527) in paragraph at lines 198--204
\OT1/cmr/m/n/10 and a set of rules, and they are evolutive. But
 []


Underfull \vbox (badness 10000) has occurred while \output is active []


Underfull \hbox (badness 2261) in paragraph at lines 232--236
\OT1/cmr/m/n/10 must exploit them, but if not, it should be
 []


Underfull \hbox (badness 1337) in paragraph at lines 237--238
\OT1/cmr/m/n/10 information needed by the graphics system at
 []


Underfull \hbox (badness 1371) in paragraph at lines 237--238
\OT1/cmr/m/n/10 any time. It is intended to perform functions
 []


Underfull \hbox (badness 7576) in paragraph at lines 246--247
[]\OT1/cmr/m/n/10 Make the interaction independent from the
 []


Underfull \hbox (badness 1874) in paragraph at lines 252--253
\OT1/cmr/m/n/10 However, the origin of these events could be
 []


Underfull \vbox (badness 1231) has occurred while \output is active []

 [3]
Underfull \hbox (badness 1048) in paragraph at lines 289--290
[]\OT1/cmr/m/n/10 Considering the previous definition, $\OML/cmm/m/it/10 M$ \OT
1/cmr/m/n/10 can be
 []


Underfull \hbox (badness 6876) in paragraph at lines 297--298
[]$\OML/cmm/m/it/10 T$ \OT1/cmr/m/n/10 is the set of symbols which defines
 []

LaTeX Font Info:    Font shape `OMS/cmr/m/n' in size <10> not available
(Font)              Font shape `OMS/cmsy/m/n' tried instead on input line 310.

Underfull \hbox (badness 7649) in paragraph at lines 310--312
[]\OT1/cmr/m/n/10 Let $\OML/cmm/m/it/10 N$ \OT1/cmr/m/n/10 = \OMS/cmsy/m/n/10 f
\OT1/cmr/m/n/10 WORLD, OBJECTS, OBJECT,
 []


LaTeX Font Warning: Font shape `OT1/cmr/bx/n' in size <8.5> not available
(Font)              size <8> substituted on input line 326.


LaTeX Font Warning: Font shape `TS1/cmr/m/n' in size <8.5> not available
(Font)              size <8> substituted on input line 328.


Underfull \hbox (badness 1127) in paragraph at lines 384--384
[]\OT1/cmr/bx/n/8 Table 2|\OT1/cmr/m/n/8 Example of primitives and transformati
ons for a
 []


LaTeX Warning: `h' float specifier changed to `ht'.


Underfull \hbox (badness 10000) in paragraph at lines 388--391
[]\OT1/cmr/m/n/10 From Ta-bles 1[] and 2[], it can be de-ter-
 []


Underfull \hbox (badness 1968) in paragraph at lines 388--391
\OT1/cmr/m/n/10 mined that the string $\OML/cmm/m/it/10 Translate[]\OT1/cmr/m/n
/10 (\OML/cmm/m/it/10 Spaceship\OT1/cmr/m/n/10 ) \OMS/cmsy/m/n/10 ^^A
 []


Underfull \hbox (badness 10000) has occurred while \output is active
[][]
 []

[4]
Underfull \hbox (badness 3942) in paragraph at lines 392--397
\OT1/cmr/m/n/10 through three methods: operational, denotational
 []


Underfull \hbox (badness 1406) in paragraph at lines 392--397
\OT1/cmr/m/n/10 mathematical logic. In our case, the denotational
 []


LaTeX Warning: `h' float specifier changed to `ht'.


Underfull \hbox (badness 1521) in paragraph at lines 448--453
\OT1/cmr/m/n/10 visual system could be the sound system. So, a
 []


Underfull \hbox (badness 1668) in paragraph at lines 448--453
\OT1/cmr/m/n/10 can be defined for the same alphabet $\OML/cmm/m/it/10 P$\OT1/c
mr/m/n/10 , where
 []


Underfull \hbox (badness 2837) in paragraph at lines 454--457
[]\OT1/cmr/m/n/10 Previous examples show that the function $\OML/cmm/m/it/10 $

 []


Underfull \hbox (badness 3514) in paragraph at lines 454--457
\OT1/cmr/m/n/10 different implementations of a rendering system.
 []


Underfull \hbox (badness 1472) in paragraph at lines 489--497
\OT1/cmr/m/n/10 rotates the object around the axis given by the
 []

[5]
Overfull \hbox (3.43144pt too wide) in paragraph at lines 506--507
[]$\OML/cmm/m/it/8 ^^L[]\OT1/cmr/m/n/8 (\OML/cmm/m/it/8 Rotate[]\OT1/cmr/m/n/8 
) = \OML/cmm/m/it/8 pushTransfD\OT1/cmr/m/n/8 3\OML/cmm/m/it/8 D\OT1/cmr/m/n/8 
; \OML/cmm/m/it/8 rotateD\OT1/cmr/m/n/8 3\OML/cmm/m/it/8 D\OT1/cmr/m/n/8 (\OML/
cmm/m/it/8 ^^M; x; y; z\OT1/cmr/m/n/8 )$| 
 []


Underfull \hbox (badness 3525) in paragraph at lines 563--567
\OT1/cmr/m/n/10 on its evolution over time. However, a general
 []


Underfull \hbox (badness 1067) in paragraph at lines 582--586
[]\OT1/cmr/m/n/10 where $\OML/cmm/m/it/10 u[]; u[]; [] ; u[]$ \OT1/cmr/m/n/10 a
re strings of $\OML/cmm/m/it/10 L\OT1/cmr/m/n/10 (\OML/cmm/m/it/10 M\OT1/cmr/m/
n/10 )$. This
 []


Underfull \hbox (badness 4168) in paragraph at lines 587--596
[]\OT1/cmr/m/n/10 Let us suppose a new terminal symbol for
 []


Underfull \hbox (badness 1527) in paragraph at lines 587--596
\OT1/cmr/m/n/10 the planetary system example. This new symbol,
 []


Underfull \hbox (badness 1496) in paragraph at lines 587--596
\OML/cmm/m/it/10 SpaceshipActor$\OT1/cmr/m/n/10 , is an actor that implements t
he
 []


LaTeX Font Warning: Font shape `OT1/cmr/m/it' in size <8.5> not available
(Font)              size <8> substituted on input line 598.


LaTeX Font Warning: Font shape `OT1/cmr/m/it' in size <4.25> not available
(Font)              size <5> substituted on input line 598.


LaTeX Warning: `h' float specifier changed to `ht'.


Underfull \hbox (badness 10000) has occurred while \output is active
[][]
 []

[6]
Underfull \hbox (badness 4242) in paragraph at lines 700--703
[]\OT1/cmr/m/n/10 In the planetary system example, the actor
 []

[7]
Underfull \hbox (badness 1038) in paragraph at lines 761--768
\OT1/cmr/m/n/10 of OBJECTS. Then, these substrings are in turn
 []


Underfull \hbox (badness 10000) has occurred while \output is active
[][]
 []

[8]
Underfull \hbox (badness 1412) in paragraph at lines 864--867
\OT1/cmr/m/n/10 from all the generators in a time instant $\OML/cmm/m/it/10 t$ 
\OT1/cmr/m/n/10 and
 []

[9]
Underfull \hbox (badness 3271) in paragraph at lines 953--957
\OT1/cmr/m/n/10 is performed. First, actors are transformed into
 []


Underfull \hbox (badness 2762) in paragraph at lines 971--972
[]\OT1/cmr/m/n/10 The diagram of the virtual world generation
 []

File: figure3.eps Graphic file (type eps)
<figure3.eps>
File: figure1.eps Graphic file (type eps)
 <figure1.eps>
File: figure2.eps Graphic file (type eps)
 <figure2.eps>
Underfull \hbox (badness 10000) has occurred while \output is active
[][]
 []

[10]
Underfull \hbox (badness 1221) in paragraph at lines 1038--1039
\OT1/cmr/m/n/10 Following the steps described above, the different
 []


Overfull \hbox (1.11586pt too wide) in paragraph at lines 1118--1118
[]$\OML/cmm/m/it/8 frame$| 
 []


Underfull \hbox (badness 10000) in paragraph at lines 1126--1127
[]\OT1/cmr/m/n/8 Grid po-si-tion $(\OML/cmm/m/it/8 i; j\OT1/cmr/m/n/8 )$
 []


Underfull \hbox (badness 10000) in paragraph at lines 1126--1127
\OT1/cmr/m/n/8 where the tree is
 []


Underfull \hbox (badness 10000) in paragraph at lines 1131--1132
[]\OT1/cmr/m/n/8 Grid po-si-tion $(\OML/cmm/m/it/8 i; j\OT1/cmr/m/n/8 )$
 []


Underfull \hbox (badness 10000) in paragraph at lines 1131--1132
\OT1/cmr/m/n/8 where the bolt of
 []


Underfull \hbox (badness 3000) in paragraph at lines 1136--1137
\OT1/cmr/m/n/8 where the rabbit is
 []


LaTeX Warning: `h' float specifier changed to `ht'.


Underfull \vbox (badness 1308) has occurred while \output is active []

 [11]
Overfull \hbox (14.08pt too wide) in paragraph at lines 1259--1294
[][]
 []


Underfull \hbox (badness 10000) in paragraph at lines 1259--1294

 []


LaTeX Warning: `!h' float specifier changed to `!ht'.


LaTeX Warning: `!h' float specifier changed to `!ht'.


Underfull \hbox (badness 1107) in paragraph at lines 1419--1427
\OT1/cmr/m/n/10 event. This behaviour is controlled by a function
 []


Underfull \hbox (badness 10000) has occurred while \output is active
[][]
 []

[12]
Underfull \hbox (badness 1484) in paragraph at lines 1460--1466
\OT1/cmr/m/n/10 set of primitives and transformations representing
 []


Overfull \hbox (28.48697pt too wide) in paragraph at lines 1471--1538
 [] 
 []


Underfull \hbox (badness 1127) in paragraph at lines 1542--1556
[]\OT1/cmr/m/n/10 In Table 14[], the actor $\OML/cmm/m/it/10 Forest$ \OT1/cmr/m
/n/10 is drawn as a
 []

[13]
Overfull \hbox (3.83888pt too wide) in paragraph at lines 1584--1584
[]\OT1/cmr/m/it/8 It.| 
 []


Underfull \hbox (badness 1163) in paragraph at lines 1591--1592
\OML/cmm/m/it/8 e[]$\OT1/cmr/m/n/8 , $\OML/cmm/m/it/8 e[] \OT1/cmr/m/n/8 = (\OM
L/cmm/m/it/8 tree\OT1/cmr/m/n/8 0)$ is received
 []


Underfull \hbox (badness 1199) in paragraph at lines 1635--1636
\OML/cmm/m/it/8 e[] \OT1/cmr/m/n/8 = (\OML/cmm/m/it/8 bolt\OT1/cmr/m/n/8 0)$ is
 received (random
 []


Underfull \hbox (badness 5008) in paragraph at lines 1672--1673
\OT1/cmr/m/n/8 lightning is drawn, adding, scaling
 []


Overfull \hbox (2.13615pt too wide) in paragraph at lines 1730--1730
[]\OT1/cmr/m/n/8 ...| 
 []


Overfull \hbox (13.10103pt too wide) in paragraph at lines 1579--1739
 [] 
 []

File: figure4.eps Graphic file (type eps)
<figure4.eps>
File: figure5.eps Graphic file (type eps)
 <figure5.eps>
File: figure6.eps Graphic file (type eps)
 <figure6.eps>
File: figure7.eps Graphic file (type eps)
 <figure7.eps>
Underfull \hbox (badness 1735) in paragraph at lines 1762--1764
\OT1/cmr/m/n/10 the scene definition from the hardware-dependent
 []


Underfull \hbox (badness 2744) in paragraph at lines 1782--1787
\OT1/cmr/m/n/10 software-simulated devices. Secondly, the different
 []


Underfull \hbox (badness 10000) has occurred while \output is active
[][]
 []

[14]
Underfull \hbox (badness 6592) in paragraph at lines 1850--1853
[]\OT1/cmr/m/n/8 Davis, Martin; Sigal, Ron and Weyuker, Elaine J.:
 []


Underfull \hbox (badness 10000) in paragraph at lines 1855--1858
\OT1/cmr/m/n/8 http://www.microsoft.com/windows/directx/default.mspx
 []


Underfull \hbox (badness 1762) in paragraph at lines 1896--1899
\OT1/cmr/m/n/8 R.: Ten cad challenges. IEEE Computer Graphics and
 []


Underfull \hbox (badness 1490) in paragraph at lines 1921--1924
[]\OT1/cmr/m/n/8 Miles, C.; Quiroz, J.; Leigh, R. and Louis, S.J.: Co-
 []


Underfull \hbox (badness 1874) in paragraph at lines 1931--1934
[]\OT1/cmr/m/n/8 M^^?uller, Pascal; Wonka, Peter; Haegler, Simon; Ulmer,
 []


Underfull \hbox (badness 2922) in paragraph at lines 1931--1934
\OT1/cmr/m/n/8 Andreas and Gool, Luc Van: Procedural Modeling of
 []


Underfull \hbox (badness 2409) in paragraph at lines 1958--1961
[]\OT1/cmr/m/n/8 Open Dynamics Engine: http://www.ode.org (Accessed
 []


Underfull \hbox (badness 1708) in paragraph at lines 1986--1989
[]\OT1/cmr/m/n/8 Perlin, K.: An Image Synthesizer. Computer Graphics
 []


Underfull \hbox (badness 1077) in paragraph at lines 2011--2014
\OT1/cmr/m/n/8 dan: Harder, Lawrence D. and Coen, En-rico: Evo-lu-tion
 []


Underfull \hbox (badness 1755) in paragraph at lines 2011--2014
\OT1/cmr/m/n/8 and De-vel-op-ment of In-flo-res-cence Ar-chi-tec-tures. Sci-enc
e
 []


Underfull \hbox (badness 2158) in paragraph at lines 2026--2029
[]\OT1/cmr/m/n/8 Rozenberg, Grzegorz and Salomaa, Arto: Lindenmayer
 []


Underfull \hbox (badness 3417) in paragraph at lines 2031--2034
[]\OT1/cmr/m/n/8 S^^Sanchez-Crespo Dalmau, Daniel: Core techniques and
 []

[15]
Underfull \hbox (badness 1248) in paragraph at lines 2046--2049
[]\OT1/cmr/m/n/8 Simple DirectMedia Layer (SDL): http://www.libsdl.org
 []


Underfull \hbox (badness 1248) in paragraph at lines 2051--2054
\OT1/cmr/m/n/8 Jean-Louis and Prusinkiewicz, Przemyslaw: Stochastic P
 []


Underfull \hbox (badness 3872) in paragraph at lines 2068--2071
[]\OT1/cmr/m/n/8 aided Harmonious Architecture Design Method Based
 []


Underfull \hbox (badness 1762) in paragraph at lines 2083--2086
[]\OT1/cmr/m/n/8 Wood, Mark F. and Deloach, Scott A.: An overview
 []


Underfull \hbox (badness 1939) in paragraph at lines 2088--2091
[]\OT1/cmr/m/n/8 Wooldridge, Michael: Agent-based software engineering.
 []


Underfull \hbox (badness 10000) in paragraph at lines 2093--2096
[]\OT1/cmr/m/n/8 Working Model: De-sign Sim-u-la-tion Tech-nolo-gies:
 []


Underfull \hbox (badness 10000) in paragraph at lines 2093--2096
\OT1/cmr/m/n/8 http://www.design-simulation.com (Ac-cessed Oc-to-ber
 []


Underfull \hbox (badness 10000) has occurred while \output is active
[][]
 []

[16

] [17] (./VisualComputer.aux)

LaTeX Font Warning: Size substitutions with differences
(Font)              up to 1.28pt have occurred.

 ) 
Here is how much of TeX's memory you used:
 2606 strings out of 495062
 30754 string characters out of 1182644
 99176 words of memory out of 3000000
 5750 multiletter control sequences out of 15000+50000
 15151 words of font info for 56 fonts, out of 3000000 for 9000
 28 hyphenation exceptions out of 8191
 28i,26n,33p,495b,421s stack positions out of 5000i,500n,10000p,200000b,50000s

Output written on VisualComputer.dvi (17 pages, 121636 bytes).
